
0



-1



0
0


-1

-1


0

[28]
[48][28]
[28]
[28][48]
[48][28][28][48]
[48][28][28][48]
1
[48][28]1
1
[48][28]
1
[28]
[48][28][28]
[48][28][28][2][48][34]
[2][34][48][28]
[28][2][10][48][34]
[28][2]
2
[28][48][34]
2
[28][2][10]
[28][2][10]
[10][2][34][48][28]
2
[28][2][10]
[28][2][10][48][34][40]
[10][2][40][34][48][28]
[48][40][34][28][10][2][28][2][10][48][34][40]
3
[28][2][10]
[2][10][10][28][34][40][48]
[28][2][10][10]
[10][10][2][40][34][48][28]
[28][2][10][10][48][34][40]
[28][2][10][10][48][34][40]
[2][10][10][28][34][40][48]
2
[10][11][10][2][40][34][48][28]
[2][10][11][10][2][40][34][48][28]
[2][2][10][10][11][28][34][40][48]
[48][40][34][28][11][10][10][2][2]4
3
[2][10][11][10][2][40][34][48][28]
[48][40][34][28][11][10][10][2][2][28][2][2][10][10][11][48][34][40]
[2][2][10][10][11][28][34][40][48]
[28][48][34]
[2][10][11][10][2][40][34][48][28]
[48][40][34][28][11][10][10][2][2]3
[28][2][2][10][10][11][48][34][40]
3
[28][2][10][11]
[2][2][10][10][11][28][34][40][48]
[2][2][10][10][11][28][34][40][48]
[2][2][10][10][11][23][28][34][40][48]
[2][2][10][10][11][23][28][34][40][48]
4
[2][10][23][11][10][2][40][34][48][28]
[2][2][10][10][11][23][28][34][40][48]
[48][40][34][28][23][11][10][10][2][2][48][40][34][28][23][11][10][10][2][2][48][40][34][28][23][11][10][10][2][2]4
[28][48]
[28][2][10][11][23]
[48][40][34][28][23][11][10][10][2][2][2][2][10][10][11][23][28][34][40][48]
[2][10][23][11][10][2][40][34][48][28]
4
[28][48][34][40]
4
[48][40][34][28][23][11][10][10][5][2][2][28][2][2][10][10][5][11][23][48][34][40]
[2][2][5][10][10][11][23][28][34][40][48]
4
[2][2][5][10][10][11][28][34][40][48]
[28][2][10][10][5]
4
4
[48][40][34][28][11][10][10][5][2][2][2][5][10][11][10][2][36][40][34][48][28]
[28][2][2][10][10][5][11][48][34][40][36]
[2][2][5][10][10][11][28][29][34][36][40][48]
[2][5][10][11][10][2][29][36][40][34][48][28]
[2][2][5][10][10][11][28][29][34][36][40][48]
4
5
[2][5][10][11][10][2][29][36][40][34][48][28]
4
[28][2][2][10][10][5][11][48][34][29][40][36]
[48][40][36][34][29][28][11][10][10][5][2][2][2][5][10][11][10][2][29][36][40][34][48][28]
[28][2][2][10][10][5][11][48][34][29][40][36]
[2][5][10][11][10][2][29][36][40][34][48][28]
[48][40][36][34][29][28][11][10][10][5][2][2][2][5][10][10][11][28][29][34][36][40][48]
[28][5][2][10][10][11][48][34][29][40][36]
[28][5][2][10][10][11][48][34][29][40][36]
[28][5][10][11]
[48][40][36][34][29][28][11][10][10][5][2][2][10][11][10][5][29][36][40][34][48][28]
5
[28][5][2][10][10][11][48][34][29][40][36]
4
[2][5][10][10][11][26][28][29][34][36][40][48]
[2][5][10][10][11][26][28][29][34][36][40][44][48]
4
[28][5][2][10][10][11][26][48][34][29][40][36][44]
[2][8][10][26][11][10][5][29][36][44][40][34][48][28]
4
[48][44][40][36][34][29][28][26][11][10][10][8][5][2][28][48][34][40][44]
6
[48][44][40][36][34][29][28][26][11][10][10][8][5][2][2][5][8][10][10][11][26][28][29][34][36][40][44][48]
[28][5][2][10][10][8][11][26][48][34][29][40][36][44]
6
[28][5][10][11][26]
[2][8][10][26][11][10][5][29][35][36][44][44][40][34][48][28]
6
[28][5][10][10][8]
[28][5][10][10]
[28][5][2][10][10][8][11][26][48][34][29][40][36][35][44][44]
6
[28][5][10][11][26]
[48][44][44][40][36][35][34][29][28][26][11][10][10][8][5][2][48][44][44][40][36][34][29][28][26][11][10][10][8][5][2][28][5][10][11][26]
[48][44][44][40][36][34][29][28][26][11][10][10][8][5][2]6
[2][8][10][26][11][10][5][29][36][44][44][40][34][48][28]
[28][48]
[28][48][34][40][44][44]
5
6
[2][8][10][26][11][5][33][34][29][36][44][44][40][34][48][28]
6
6
[2][8][10][26][11][5][30][33][34][29][36][44][44][40][34][48][28]
[48][46][44][44][40][36][34][34][33][30][30][29][28][26][11][10][8][5][2][28][5][2][11][10][8][26][48][34][29][34][33][30][30][40][36][44][44][46]
[28][5][2][11][10][8][26][48][34][29][34][33][30][30][40][36][44][44][46]
[2][8][10][26][11][5][30][30][33][34][29][36][44][46][44][40][34][48][28]
[48][44][44][40][36][34][34][33][30][30][29][28][26][11][10][8][5][2][28][5][11][26]
[28][5][2][11][10][8][10][26][48][34][29][34][33][30][30][40][36][44][44]
7
[28][48][34][29][34][33][30]
[28][48][34][40][36]
6
[1][2][5][8][10][10][11][17][26][28][29][30][30][34][34][36][40][43][44][44][48]
[28][5][2][1][11][10][8][10][26][17][48][34][29][34][30][30][40][36][44][44][43]
6
[1][2][5][8][10][10][11][17][26][28][29][30][30][34][34][36][40][43][44][44][48]
[48][44][44][43][40][36][34][34][30][30][29][28][26][17][11][10][10][8][5][2][1][28][5][2][1][11][10][8][10][26][17][48][34][29][34][30][30][40][36][44][44][43]
[1][2][5][8][10][10][11][17][26][28][29][30][30][34][34][36][40][43][44][44][48]
6
[28][5][2][1][11][10][8][7][10][26][17][48][34][29][34][30][30][40][36][44][44][43][42]
7
[1][2][5][7][8][10][10][11][17][26][28][29][30][30][34][34][36][40][42][43][44][44][48]
[48][47][44][44][43][42][40][36][34][34][30][30][29][28][26][17][11][10][10][8][7][5][2][1][1][1][1][2][7][10][8][10][17][26][11][5][30][30][34][29][36][42][43][44][47][44][40][34][48][28]
8
[48][47][44][44][43][42][40][36][34][34][30][30][29][28][26][17][11][10][10][8][7][5][2][1][1][48][47][44][44][43][42][40][36][34][34][30][30][29][28][26][17][11][10][10][8][7][5][2][1][1][1][1][2][5][7][8][10][10][11][17][26][28][29][30][30][34][34][36][40][42][43][44][44][47][48]
[28][5][2][1][1][11][10][8][7][10][26][17][48][34][29][34][30][30][40][36][44][44][43][42][47]
7
7
[28][5][2][1][1][11][10][8][7][10][26][17][17][48][34][29][34][30][30][40][36][44][44][43][42][47][48]
8
8
8
[28][48][34][40][44][44]
[48][48][47][44][44][43][42][40][36][34][34][30][30][29][28][26][17][17][11][10][10][8][7][5][2][1][1]8
[1][1][2][7][10][8][10][17][17][26][11][5][30][30][34][29][36][42][43][44][46][48][47][44][40][34][48][28]
[1][1][2][7][10][8][10][17][17][26][11][5][30][30][34][29][36][42][43][44][46][48][47][44][40][34][48][28]
[48][48][47][46][44][44][43][42][40][36][34][34][30][30][29][28][26][17][17][11][10][10][8][7][5][2][1][1][28][5][11][26][17]
7
9
[28][48][34][29][34][30]
[28][5][2][1][1][11][10][8][7][10][26][17][17][48][34][29][34][30][30][40][36][44][44][43][42][47][46][48]
[28][5][2][1][1][11][10][8][7][10][26][17][17][48][34][29][34][30][30][40][36][44][44][43][42][47][46][48]
[28][48][34][40]
9
[28][48][34][29][34][30]
[28][48][34][40][36]
7
[1][1][2][5][7][8][10][10][11][17][17][26][28][29][30][30][34][34][36][40][42][43][44][44][46][47][48][48]
[1][1][2][7][10][8][10][17][17][26][11][5][30][30][34][29][36][42][43][44][46][48][47][44][40][34][48][28]
[48][48][47][46][44][44][43][42][40][36][34][34][30][30][29][28][26][17][17][11][10][10][8][7][5][2][1][1]7
9
[28]
[1][1][2][5][7][8][10][10][11][17][17][26][28][29][30][30][34][34][36][40][42][43][44][44][46][47][48][48]
[48][48][47][46][44][44][43][42][40][36][34][34][30][30][29][29][28][26][17][17][11][10][10][8][7][5][2][1][1]7
[28][5][2][1][1][11][10][8][7][10][26][17][17][24][48][34][29][29][34][30][30][40][36][44][44][43][42][47][46][48]
[28][48][34][40]
[28][48][34][29][34][30]
[48][48][47][46][44][44][43][42][40][36][34][34][30][30][29][29][28][26][24][17][17][11][10][10][8][7][5][2][1][1]11
[1][1][2][7][10][8][10][17][24][17][26][11][5][29][30][30][34][29][36][42][43][44][46][48][47][44][40][34][48][28]
[1][1][2][5][7][8][10][10][11][17][17][24][26][28][29][29][30][30][34][34][36][40][42][43][44][44][46][47][48][48]
[28][48][34][29][34]
[48][48][47][46][44][44][43][42][40][36][34][34][30][30][29][29][28][26][24][17][17][11][11][10][10][8][7][5][2][1][1][1][1][2][7][10][8][11][10][17][24][17][26][11][5][29][30][30][34][29][36][42][43][44][46][48][47][44][40][34][48][28]
[28][5][2][1][1][11][10][8][7][10][11][26][17][17][24][48][34][29][29][34][30][30][40][36][44][44][43][42][47][46][48][48]
[1][1][2][7][10][8][11][10][17][24][17][26][11][5][29][30][30][34][29][36][42][43][44][46][48][48][47][44][40][34][48][28]
[1][1][2][7][10][8][11][10][17][24][17][26][11][5][29][30][30][34][29][36][42][43][44][46][48][48][47][44][40][34][48][28]
[48][48][48][47][46][44][44][43][42][40][36][34][34][30][30][29][29][28][26][24][17][17][11][11][10][10][8][7][5][2][1][1][1][1][2][5][7][8][10][10][11][11][17][17][24][26][28][29][29][30][30][34][34][36][40][42][43][44][44][46][47][48][48][48]
12
11
[28][48][34][40][44][47][46]
7
[48][48][48][47][46][44][44][43][42][41][40][36][34][34][30][30][29][29][28][26][24][17][11][11][10][10][8][7][5][2][1][1][28][5][2][1][1][11][10][8][7][10][11][26][24][17][48][34][29][29][34][30][30][40][36][44][44][43][42][41][47][46][48][48]
[28][5][11][26][24]
[28][5][2][1][1][11][10][8][7][10][11][26][24][17][48][34][29][29][34][30][30][40][36][44][44][43][42][41][47][46][48][48]
[48][48][48][47][46][44][44][43][42][41][40][36][34][34][30][30][29][29][28][26][24][17][11][11][10][10][8][7][5][2][1][1]11
[1][1][2][5][7][8][10][10][11][11][17][24][26][28][29][29][30][30][34][34][36][40][41][42][43][44][44][46][47][48][48][48]
11
[1][1][2][5][7][8][10][10][11][11][17][24][26][28][29][29][30][30][34][34][36][40][41][42][43][44][44][46][47][48][48][48]
[48][48][48][47][46][44][44][43][42][41][40][36][34][34][30][30][29][29][28][26][24][17][11][11][10][10][8][7][5][2][1][1]8
[1][1][2][7][10][8][11][10][17][24][26][11][5][29][30][30][34][29][36][41][42][43][44][46][48][48][47][44][40][34][48][28]
11
[1][1][2][7][10][8][11][10][17][24][26][11][5][29][30][30][34][29][36][41][42][43][44][46][48][48][47][44][40][34][48][28]
[1][1][2][5][7][8][10][10][11][11][17][24][26][28][29][29][30][30][34][34][36][40][41][42][43][44][44][46][47][48][48][48]
[28][5][2]
[28][5][2][1][1][11][10][8][7][10][11][26][24][17][48][34][29][29][34][30][30][40][36][44][44][43][42][41][47][46][48][48]
[28][5][2][1][1][11][10][8][7][10][11][26][24][17][27][48][34][29][29][34][30][30][40][36][44][44][43][42][41][47][46][48][48]
[1][1][2][7][10][8][11][10][17][24][27][26][11][5][29][30][30][34][29][36][42][43][44][46][48][48][47][44][40][34][48][28]
[48][48][48][47][46][44][44][43][42][40][36][34][34][30][30][29][29][28][27][26][24][17][11][11][10][10][8][7][5][2][1][1][28][5][11][26]
[1][1][2][5][7][8][10][10][11][11][17][24][26][27][28][29][29][30][30][34][34][36][40][42][43][44][44][46][47][48][48][48]
[48][48][48][47][46][44][44][43][42][40][36][34][34][30][30][29][29][28][27][26][24][17][11][11][10][10][8][7][5][2][1][1][28][5][2][1][1][11][10][8][7][10][11][26][24][17][27][48][34][29][29][34][30][30][40][36][44][44][43][42][47][46][48][48]
12
12
[28][5][2][1][1][11][10][8][7][10][11][26][24][17][27][48][34][29][29][34][30][30][40][36][44][44][43][42][43][47][46][48][48]
[28][48][34][29][34][30]
[1][1][2][5][7][8][10][10][11][11][17][24][26][27][28][29][29][30][30][34][34][36][40][42][43][43][44][44][46][47][48][48][48]
[48][48][48][47][46][44][44][43][43][42][40][36][34][34][30][29][29][28][27][26][25][24][17][11][11][10][10][8][7][5][2][1][1][1][1][2][7][10][8][11][10][17][25][24][27][26][11][5][29][30][34][29][36][43][42][43][44][46][48][48][47][44][40][34][48][28]
[28][5][2][1][1][11][10][8][7][10][11][26][24][17][25][27][48][36][29][29][34][30][40][44][44][43][42][43][47][46][48][48]
[1][1][2][5][7][8][10][10][11][11][17][24][25][26][27][28][29][29][30][34][36][40][42][43][43][44][44][46][47][48][48][48]
12
[28][5][2][1][1][11][10][8][7][10][11][26][24][17][21][25][27][48][36][29][29][34][30][40][44][44][43][42][43][47][46][48][48]
[48][48][48][47][46][44][44][43][43][42][40][36][34][30][29][29][28][27][26][25][24][21][17][11][10][10][8][7][5][2][1][1][48][48][48][47][46][44][44][43][43][42][40][36][34][30][29][29][28][27][26][25][24][21][17][11][10][10][8][7][5][2][1][1]12
[1][1][2][7][10][8][11][10][21][25][24][27][26][17][5][29][30][34][29][43][42][43][44][46][48][48][47][44][40][36][48][28]
[1][1][2][7][10][8][11][10][21][25][24][27][26][17][5][29][30][34][29][43][42][43][44][46][48][48][47][44][40][36][48][28]
[1][1][2][7][10][8][11][10][21][25][24][27][26][17][5][29][30][34][29][43][42][43][44][46][48][48][47][44][40][36][48][28]
[1][1][2][7][10][8][11][10][21][25][24][27][26][17][5][29][30][34][29][43][42][43][44][46][48][48][47][44][40][36][48][28]
[28][5][2][1][1][17][10][8][7][10][11][26][24][21][25][27][48][36][29][29][34][30][40][44][44][43][42][43][47][46][48][48]
8
8
[1][1][2][7][10][8][11][10][21][25][24][27][26][17][5][29][30][34][29][43][42][44][43][44][46][48][48][47][44][40][36][48][28]
[1][1][2][5][7][8][10][10][11][17][21][24][25][26][27][28][29][29][30][34][36][40][42][43][43][44][44][44][46][47][48][48][48]
[28][48][36][40][44][44]
[1][1][2][5][7][8][10][10][11][17][21][24][25][26][27][28][29][29][30][34][36][40][42][43][43][44][44][44][46][47][48][48][48]
[28][5][2][1][1][17][10][8][7][10][11][12][26][24][21][25][27][48][36][29][29][34][30][40][44][44][43][42][43][44][47][46][48][48]
8
8
[28][48][36]
[28][5][17][26][24][21]
[28][5][17][10][8]
[28][5][2][1][1][17][10][8][7][10][11][12][26][24][21][25][27][48][36][29][29][34][30][40][44][44][43][42][43][44][47][46][48][48]
[28][5][17][26][24][21]
[28][5][2][1][1][17][10][8][7][10][11][12][26][24][21][25][27][48][36][29][29][34][30][40][44][44][43][42][43][44][47][46][48][48]
[1][1][2][7][10][8][12][11][10][21][25][24][27][26][17][5][29][30][34][29][43][42][44][43][44][46][48][48][47][44][40][36][48][28]
[48][48][48][47][46][44][44][44][43][43][42][40][36][34][30][29][29][28][27][26][25][24][21][17][12][11][10][10][8][7][5][2][1][1][1][1][2][5][7][8][10][10][11][12][17][21][24][25][26][27][28][29][29][30][34][36][40][42][43][43][44][44][44][46][47][48][48][48]
[1][1][2][7][10][8][12][11][10][21][25][24][27][26][17][5][29][30][34][29][43][42][44][43][44][46][48][48][47][44][40][36][48][28]
[28][5][2][1][1][17][10][8][7][10][11][12][26][24][21][25][27][48][36][29][29][34][30][40][44][44][43][42][43][44][47][46][48][48]
[28][5][2][1][1][17][10][8][7][10][11][12][26][24][21][25][27][48][36][29][29][34][30][40][44][44][43][42][43][44][47][46][48][48]
13
[28][48][36][40]
[1][1][2][5][7][8][10][10][11][12][17][21][24][25][26][27][28][29][29][30][34][36][40][42][43][43][44][44][44][46][47][48][48][48]
[28][48][36][44][44][43][42]
[1][1][2][5][7][8][10][10][11][12][17][21][24][25][26][27][28][29][29][30][34][36][36][42][43][43][44][44][44][46][47][48][48][48]
[28][5][2][1][1][17][10][8][7][10][11][12][26][24][21][25][27][48][36][29][29][34][30][36][44][44][43][42][43][44][47][46][48][48]
7
14
[48][48][48][47][46][45][44][44][44][43][43][42][36][36][34][30][29][29][28][27][26][25][24][21][17][12][11][10][10][8][7][5][2][1][1]14
[1][1][2][5][7][8][10][10][11][12][17][21][24][25][26][27][28][29][29][30][34][36][36][42][43][43][44][44][44][45][46][47][48][48][48]
[1][1][2][5][7][8][10][10][11][12][17][21][24][25][26][27][28][29][29][30][34][36][36][42][43][43][44][44][44][45][46][47][48][48][48]
15
[48][48][48][47][46][45][44][44][43][43][42][36][36][34][30][29][29][28][27][26][25][24][21][17][12][11][10][10][8][7][5][5][2][1][1]15
15
[48][48][48][47][46][45][44][44][43][43][42][36][36][34][30][29][29][28][27][26][25][24][21][17][12][11][10][10][8][7][5][5][2][1][1][28][5][2][1][1][5][17][10][8][7][10][11][12][26][24][21][25][27][48][36][29][29][34][30][36][45][44][43][42][43][44][47][46][48][48]
[28][5][17]
[1][1][2][5][5][7][8][10][10][11][12][17][21][24][25][26][27][28][29][29][30][34][36][36][42][43][43][44][44][45][46][47][48][48][48]
[1][1][2][5][5][7][8][10][10][11][12][17][21][24][25][26][27][28][29][29][30][34][36][36][42][43][43][44][44][45][46][47][48][48][48]
[1][1][5][2][7][10][8][12][11][10][25][24][27][26][17][5][29][30][36][34][29][43][42][44][43][44][46][48][48][47][45][36][48][28]
[28][5][2][1][1][5][17][10][8][7][10][11][12][26][24][25][27][48][36][29][29][34][30][36][45][44][43][42][43][44][47][46][48][48]
7
7
[48][48][48][47][46][45][44][44][43][43][42][36][36][34][30][29][29][28][27][26][25][24][17][12][11][10][10][8][7][5][5][2][1][1][28][5][2][1][1][5][17][10][8][7][10][11][12][26][24][25][27][48][36][29][29][34][30][36][45][44][43][42][43][44][47][46][48][48]
[28][48][36][29][34][30]
7
[1][1][2][5][5][7][8][10][10][11][12][17][24][25][26][27][28][29][29][30][34][36][36][42][43][43][44][44][45][46][47][48][48][48]
[28][5][2][1][1][5][17][10][8][7][10][11][12][26][24][25][27][48][36][29][29][34][30][36][45][44][43][42][43][44][47][46][48][48]
[1][1][2][5][5][7][8][10][10][11][12][17][24][25][26][27][28][29][29][30][34][36][36][42][43][43][44][44][45][46][47][48][48][48]
[1][1][2][5][5][7][8][10][10][11][12][17][24][25][26][27][28][29][29][30][34][36][36][42][43][43][44][44][45][46][47][48][48][48]
[28][5][17][26][24]
[1][1][5][2][7][10][8][12][11][10][25][24][27][26][17][5][29][30][36][34][29][43][42][44][43][44][46][48][48][47][45][36][48][28]
[28][5][17][10][8]
[28][5][17][26][24]
[48][48][48][47][46][45][44][44][43][43][42][36][36][34][30][29][29][28][27][26][25][24][17][12][11][10][10][8][7][5][5][2][1][1][1][1][5][2][7][10][8][12][11][10][25][24][27][26][17][5][29][30][36][34][29][43][42][44][43][44][48][48][47][46][36][48][28]
[1][1][5][2][7][10][8][12][11][10][25][24][27][26][17][5][29][30][36][34][29][43][42][44][43][44][48][48][47][46][36][48][28]
[1][1][2][5][5][7][8][10][10][11][12][17][24][25][26][27][28][29][29][30][34][36][36][42][43][43][44][44][46][47][48][48][48]
[48][48][48][47][46][44][44][43][43][42][36][36][34][30][29][29][28][27][26][25][24][17][12][11][10][10][8][7][5][5][2][1][1][48][48][48][47][46][44][44][43][43][42][36][36][34][30][29][29][28][27][26][25][24][17][12][11][10][10][8][7][5][5][2][1][1][28][5][2][1][1][5][17][10][8][7][10][11][12][26][24][25][27][48][36][29][29][34][30][36][46][44][43][42][43][44][47][48][48]
[28][48][36][46][44][43][42]
[28][5][17][26][24]
13
7
[1][2][5][5][7][8][10][10][11][12][17][24][25][26][27][28][29][29][30][36][36][42][43][43][44][44][46][47][48][48][48]
11
[28][48][36][29][36][30]
[28][5][17][10][10][7]
[2][1][5][2][7][10][12][11][10][25][24][27][26][17][5][29][30][36][29][43][42][44][43][44][48][48][47][46][36][48][28]
[28][48]
[1][2][2][5][5][7][10][10][11][12][17][24][25][26][27][28][29][29][30][36][36][42][43][43][44][44][46][47][48][48][48]
7
7
[48][48][48][47][46][44][44][43][43][42][36][36][30][29][29][28][27][26][25][24][17][12][11][10][10][7][5][5][2][2][1][1][2][2][5][5][7][10][10][11][12][17][24][25][26][27][28][29][29][30][36][36][42][43][43][44][44][46][47][48][48][48]
[2][1][5][2][7][10][12][11][10][25][24][27][26][17][5][29][30][36][29][43][42][44][43][44][48][48][47][46][36][48][28]
[2][1][5][2][7][10][12][11][10][25][24][27][26][17][5][29][30][36][29][43][42][44][43][44][48][48][47][46][36][48][28]
11
[1][2][2][5][5][7][10][10][11][12][17][24][25][26][27][28][29][29][30][36][36][42][43][43][44][44][46][47][48][48][48]
7
[28][48][36][46][44][43][42]
[48][48][48][47][46][44][44][43][43][42][36][36][30][29][29][28][27][26][25][24][17][12][11][10][10][7][5][5][2][2][1][48][48][48][47][46][44][44][43][43][42][36][36][30][29][29][28][27][26][25][24][17][12][11][10][10][7][5][5][2][2][1][48][48][48][47][46][44][44][43][43][42][36][36][30][29][29][28][27][26][25][24][17][12][11][10][10][7][5][5][2][2][1][2][1][5][2][7][10][12][11][10][25][24][27][26][17][5][29][30][36][29][43][42][44][43][44][48][48][47][46][36][48][28]
11
[28][5][2][1][2][5][17][10][10][7][11][12][26][24][25][27][48][36][29][29][36][46][44][43][42][43][44][47][48][48]
[28][5][2][1][2][5][17][10][10][7][11][12][26][24][25][25][27][48][36][29][29][36][46][44][43][42][43][44][47][48][48]
11
[48][48][48][47][46][44][44][43][43][42][36][36][29][29][28][27][26][25][25][24][17][12][11][10][10][7][5][5][2][2][1]11
7
[1][2][2][5][5][7][10][10][11][12][17][24][25][25][26][27][28][29][29][36][36][42][43][43][44][44][46][47][48][48][48]
[48][48][48][47][46][44][44][43][43][42][36][36][29][29][28][27][26][25][25][24][17][12][11][10][10][7][5][5][2][2][1][1][2][2][5][5][7][10][10][11][12][17][24][25][25][26][27][28][29][29][36][36][42][43][43][44][44][46][47][48][48][48]
11
[2][1][5][2][7][10][12][11][10][25][25][24][27][26][17][5][29][36][29][43][42][44][43][44][48][48][47][46][36][48][28]
7
[48][48][48][47][46][44][44][43][43][42][36][36][29][29][28][27][26][25][25][24][17][12][11][10][10][7][5][5][2][2][1][2][1][5][2][7][10][12][11][10][24][25][25][24][27][26][17][5][29][36][29][43][42][44][43][44][48][48][47][46][36][48][28]
[48][48][48][47][46][44][44][43][43][42][36][36][29][29][28][27][26][26][25][25][24][24][17][12][11][10][10][7][5][5][2][2][1]13
[28][5][2][1][2][5][17][10][10][7][11][12][26][24][24][25][25][26][27][48][36][29][29][36][46][44][43][42][43][44][47][48][48]
[2][1][5][2][7][10][12][11][10][24][25][26][25][24][27][26][17][5][29][36][29][43][42][44][43][48][48][47][46][36][48][28]
6
13
[28][5][2][1][2][5][17][10][10][7][11][12][26][24][24][25][25][26][27][48][36][29][29][36][46][43][42][43][44][47][48][48]
13
[28][48][36][29][36]
[1][2][2][5][5][7][10][10][11][12][17][24][24][25][25][26][26][27][28][29][29][36][36][42][43][43][44][46][47][48][48][48]
6
[28][5][17][26][24][24]
[2][1][5][2][9][7][10][12][11][10][24][25][26][25][24][27][26][17][5][29][36][29][43][42][44][43][48][48][47][46][36][48][28]
13
7
13
[1][2][2][5][5][7][9][10][10][11][12][17][24][24][25][25][25][26][26][27][28][29][29][35][36][36][42][43][43][44][46][47][48][48][48]
[28][5][2][1][2][5][17][10][10][9][11][12][26][24][24][26][25][25][27][48][36][29][29][36][35][30][46][43][42][43][44][47][48][48]
[48][48][48][47][46][44][43][43][42][36][36][35][30][29][29][28][27][26][26][25][25][24][24][17][12][11][10][10][9][5][5][2][2][1][2][1][5][9][10][12][11][10][24][25][25][26][24][27][26][17][5][29][30][35][36][29][43][42][44][43][48][48][47][46][36][48][28]
7
[2][1][5][6][9][10][12][11][10][24][25][25][26][24][27][26][17][5][29][30][35][36][29][43][42][44][43][48][48][47][46][36][48][28]
[1][2][5][5][6][9][10][10][11][12][17][24][24][25][25][26][26][27][28][29][29][30][35][36][36][42][43][43][44][46][47][48][48][48]
7
[28][48][36][46][43]
[28][5][5][1][2][17][10][10][9][6][11][12][26][24][24][26][25][25][27][48][36][29][29][36][35][30][46][43][42][43][44][47][48][48]
11
[28][5][5][1][2][17][10][10][9][6][11][12][26][24][24][26][25][25][27][48][36][29][29][36][35][30][46][43][42][43][44][47][48][48]
7
[1][2][5][5][6][9][10][10][11][12][17][24][24][25][25][26][26][27][28][29][29][30][30][35][36][36][42][43][43][44][46][47][48][48][48]
[1][2][5][5][6][9][10][10][11][12][17][24][24][25][25][26][26][27][28][29][29][30][30][35][36][36][42][43][43][44][46][47][48][48][48]
[48][48][48][47][46][44][43][43][42][36][36][35][30][30][29][29][28][27][26][26][25][25][24][24][23][17][12][11][10][10][9][6][5][5][2][1][2][1][5][6][9][10][12][11][10][23][24][25][25][26][24][27][26][17][5][29][30][30][35][36][29][43][42][44][43][48][48][47][46][36][48][28]
[2][1][5][6][9][10][12][11][10][23][24][25][25][26][24][27][26][17][5][29][30][30][35][36][29][43][42][44][43][48][48][47][46][36][48][28]
[28]
11
11
11
[28][48][36][46][44]
[1][2][5][5][6][9][10][10][11][12][17][23][24][24][25][25][26][26][27][28][29][29][30][30][35][36][36][42][43][44][46][47][47][48][48][48]
[28][5][5][1][2][17][10][10][9][6][11][12][26][24][24][23][26][25][25][27][48][36][29][29][36][35][30][30][46][44][42][43][47][47][48][48]
[2][1][5][6][9][10][12][11][10][23][24][25][25][26][24][27][26][17][5][29][30][30][35][36][29][43][42][44][47][48][48][47][46][36][48][28]
[2][1][5][6][9][10][12][11][10][23][24][25][25][26][24][27][26][17][5][29][30][30][35][36][29][43][42][44][47][48][48][47][46][36][48][28]
7
[1][2][5][5][6][9][10][10][11][12][17][23][24][24][25][25][26][26][27][28][29][29][30][30][35][36][36][42][43][44][46][47][47][48][48][48]
11
[2][1][5][6][9][10][12][11][10][23][24][25][25][26][24][27][26][17][5][29][30][30][35][36][29][43][42][44][47][48][48][47][46][36][48][28]
[2][1][5][6][9][10][12][11][10][23][24][25][25][26][24][27][26][17][5][29][30][30][35][36][29][43][42][44][47][48][48][47][46][36][48][28]
[48][48][48][47][47][46][44][43][42][36][36][35][30][30][29][29][28][27][26][26][25][25][24][24][23][17][12][11][10][10][9][6][5][5][2][1][28][5][5][1][2][17][10][10][9][6][11][12][26][24][24][23][26][25][25][27][48][36][29][29][36][35][30][30][46][44][42][43][47][47][48][48]
[28][5][5][1][2][17][10][10][9][6][11][12][26][24][24][23][26][25][25][27][48][36][29][29][36][35][30][30][46][44][42][43][47][47][48][48]
7
11
[28][48][36][46][44][42]
[1][2][5][5][6][9][10][10][11][12][17][23][24][24][25][25][26][26][27][28][29][29][30][30][35][36][36][42][43][44][46][47][47][48][48][48]
[2][1][5][6][9][10][12][11][10][23][24][25][25][26][24][27][26][17][5][29][30][30][35][36][29][43][42][44][47][48][48][47][46][36][48][28]
[48][48][48][47][47][46][44][43][42][36][36][35][30][30][29][29][28][27][26][26][25][25][24][24][23][17][12][11][10][10][9][6][5][5][2][1][48][48][48][47][47][46][44][43][42][36][36][35][30][30][29][29][28][27][26][26][25][25][24][24][23][17][12][11][10][10][9][6][5][5][2][1]11
[1][2][5][5][6][9][10][10][11][12][17][19][23][24][24][25][25][26][26][27][28][29][29][30][30][35][36][36][42][43][44][46][47][47][48][48][48]
[48][48][48][47][47][46][44][43][42][36][36][35][30][30][29][29][28][27][26][26][25][25][24][24][23][19][17][12][11][10][10][9][6][5][5][2][1][2][1][5][6][9][10][12][11][10][19][23][24][25][25][26][24][27][26][17][5][29][30][30][35][36][29][43][42][44][47][48][48][47][46][36][48][28]
[48][48][48][47][47][46][44][43][42][36][36][35][30][30][29][29][28][27][26][26][25][25][24][24][23][19][17][12][11][10][10][9][6][5][5][2][1]11
[28][48][36][46]
[2][1][5][6][9][10][12][11][10][19][23][24][25][25][26][24][27][26][17][5][29][30][30][35][36][29][43][42][44][47][48][48][47][46][36][48][28]
[28][48][36][46]
[1][2][5][5][6][9][10][10][11][12][17][19][23][24][24][25][25][26][26][27][28][29][29][30][30][35][36][36][42][43][44][46][47][47][48][48][48]
7
[2][1][5][6][9][10][12][11][10][19][23][24][25][25][26][24][27][26][17][5][29][30][30][35][36][29][43][42][44][47][48][48][47][46][36][48][28]
[1][2][5][5][6][9][10][10][11][12][17][19][23][24][24][25][25][26][26][27][28][29][29][30][30][35][36][36][42][43][44][46][47][47][48][48][48]
[28][5][5][1][2][17][10][10][9][6][11][12][26][24][24][23][19][26][25][25][27][48][36][29][29][36][35][30][30][46][44][42][43][47][47][48][48]
[48][48][48][47][47][46][44][43][42][36][36][35][30][30][29][29][28][27][26][26][25][25][24][24][23][19][17][17][12][11][10][10][9][6][5][5][2][1]11
11
[28][5][17][10][10]
[28][5][5][1][2][17][10][10][9][6][11][12][17][26][24][24][23][19][26][25][25][27][48][36][29][29][36][35][30][30][46][44][42][43][47][47][48][48]
[28][5][17][10][11][12][17][15]
8
[28][5][5][1][2][5][17][10][10][9][6][11][12][17][15][26][24][24][23][19][23][26][25][25][27][28][48][36][29][29][36][35][30][30][46][44][42][43][47][47][48][48]
[5][2][1][5][6][9][10][15][17][12][11][10][23][19][23][24][25][25][26][24][28][27][26][17][5][29][30][30][35][36][29][43][42][44][47][48][48][47][46][36][48][28]
[1][2][5][5][5][6][9][10][10][11][12][15][17][17][19][23][23][24][24][25][25][26][26][27][28][28][29][29][30][30][35][36][36][42][43][44][46][47][47][48][48][48]
8
[5][2][1][5][6][9][10][17][12][11][10][23][19][23][24][25][25][26][24][28][27][26][17][5][29][30][30][35][36][29][43][42][44][47][48][48][47][46][36][48][28]
[5][2][1][5][6][9][10][17][12][11][10][23][19][23][24][25][25][26][24][28][27][26][17][5][29][30][30][35][36][29][43][42][44][47][48][48][47][46][36][48][28]
11
[28][5][17][10][10][9][6]
[28][48]
[28][48][36][46][44][42]
[28][5][17][10][10][9][6]
9
[5][2][1][5][6][9][10][17][12][11][10][20][23][19][23][24][25][25][26][24][28][27][26][17][5][29][30][30][35][36][29][43][42][44][47][48][48][47][46][36][48][28]
[28][5][5][1][2][5][17][10][10][9][6][11][12][17][26][24][24][23][19][23][20][26][25][25][27][28][48][36][29][29][36][35][30][30][46][44][42][43][47][47][48][48]
[28][5][17][26][24][24][23][19]
[1][2][5][5][5][6][9][10][10][11][12][17][17][19][20][23][23][24][24][25][25][26][26][27][28][28][29][29][30][30][35][36][36][42][43][44][46][47][47][48][48][48]
[28][5][17][10][11][12][17]
[5][1][5][6][9][10][17][12][11][10][20][23][19][23][24][25][25][26][24][28][27][26][17][5][29][30][32][30][35][36][29][43][42][44][47][48][48][47][46][36][48][28]
[48][48][48][47][47][46][44][43][42][36][36][35][32][30][30][29][29][28][28][27][26][26][25][25][24][24][23][23][20][19][17][17][12][11][10][10][9][6][5][5][5][1][1][5][5][5][6][9][10][10][11][12][17][17][19][20][23][23][24][24][25][25][26][26][27][28][28][29][29][30][30][32][35][36][36][42][43][44][46][47][47][48][48][48]
[28][5][5][1][5][17][10][10][9][6][11][12][17][26][24][24][23][19][23][20][26][25][25][27][28][48][36][29][29][36][35][30][30][32][46][44][42][43][47][47][48][48]
13
[48][48][48][47][47][46][44][43][42][36][36][35][32][30][30][29][29][28][28][27][27][26][26][25][25][24][24][23][23][20][19][17][17][12][11][10][10][9][6][5][5][5][1]13
[1][5][5][5][6][9][10][10][11][12][17][17][19][20][23][23][24][24][25][25][26][26][27][27][28][28][29][29][30][30][32][35][36][36][42][43][44][46][47][47][48][48][48]
[28][48][36][46][44][42]
13
[5][1][5][6][9][10][17][12][11][10][20][23][19][23][24][25][25][26][24][27][28][27][26][17][5][29][30][32][30][35][36][29][43][42][45][44][47][48][48][47][46][36][48][28]
[1][5][1][5][6][9][10][17][12][11][10][20][23][19][23][24][25][25][26][24][27][28][27][26][17][5][29][30][32][30][35][36][29][43][42][45][44][47][48][48][47][46][36][48][28]
[1][1][5][5][5][6][9][10][10][11][12][17][17][19][20][23][23][24][24][25][25][26][26][27][27][28][28][29][29][30][30][32][35][36][36][42][43][44][45][46][46][47][47][48][48][48]
9
[28][5][5][1][1][5][17][10][10][9][6][11][12][17][26][24][24][23][19][23][20][26][25][25][27][27][28][48][36][29][29][36][35][30][30][32][46][44][42][43][45][46][47][47][48][48]
[28][5][5][1][1][5][17][10][10][9][6][11][12][17][26][24][24][23][19][23][20][26][25][25][27][27][28][48][36][29][29][36][35][30][30][32][46][44][42][43][45][46][47][47][48][48]
[28][5][5][1][1][5][17][10][10][9][6][11][12][17][26][24][24][23][19][23][20][26][25][25][27][27][28][48][36][29][29][36][35][30][30][32][46][44][42][43][45][46][47][47][48][48]
9
[1][5][1][5][6][9][10][17][12][11][10][20][23][19][23][24][25][25][26][24][27][28][27][26][17][5][29][30][32][30][35][36][29][43][42][46][45][44][47][48][48][47][46][36][48][28]
[28][5][5][1][1][5][17][10][10][9][6][11][12][17][26][24][24][23][19][23][20][26][25][25][27][27][28][48][36][29][29][36][35][30][30][32][46][44][42][43][46][47][47][48][48]
[28][48]
15
[1][1][5][5][5][6][9][10][10][11][17][17][19][20][23][23][24][24][25][25][26][26][27][27][28][28][29][29][30][30][32][35][36][36][42][43][44][46][46][47][47][48][48][48]
15
[28][48][36][46][44][42]
[48][48][48][47][47][46][46][44][43][42][36][36][35][32][30][30][29][29][28][28][27][27][26][26][25][25][24][24][23][23][20][19][17][17][11][10][10][9][6][5][5][5][1][1]15
[48][48][48][47][47][46][46][44][43][42][36][36][35][32][30][30][29][29][28][28][27][27][26][26][25][25][24][24][23][23][20][19][17][17][11][10][10][9][6][5][5][5][1][1]15
15
[28][5][5][1][1][5][17][10][10][9][6][11][17][26][24][24][23][19][23][20][26][25][25][27][27][28][48][36][29][29][36][35][30][30][32][46][44][42][43][46][47][47][48][48]
[1][1][5][5][5][6][9][10][10][11][17][17][19][20][23][23][24][24][25][25][26][26][27][27][28][28][29][29][30][30][32][35][36][36][42][43][44][46][46][47][47][48][48][48]
[1][5][1][5][6][9][10][17][11][10][20][23][19][23][24][25][25][26][24][27][28][27][26][17][5][29][30][32][30][35][36][29][43][42][46][44][47][48][48][47][46][36][48][28]
[1][5][1][5][6][9][10][17][11][10][20][23][19][23][24][25][25][26][24][27][28][27][26][17][5][29][30][32][30][35][36][29][43][42][46][44][47][48][48][47][46][36][48][28]
[1][1][5][5][5][6][9][10][10][11][17][17][19][20][23][23][24][24][25][25][26][26][27][27][28][28][29][29][30][30][32][35][36][36][42][43][44][46][46][47][47][48][48][48]
[1][5][1][5][6][9][10][17][11][10][20][23][19][23][24][25][25][26][24][27][28][27][26][17][5][29][30][32][30][35][36][29][43][42][46][44][47][48][48][47][46][36][48][28]
[1][5][1][5][6][9][10][17][11][10][20][23][19][23][24][25][25][26][24][27][28][27][26][17][5][29][30][32][30][35][36][29][43][43][42][46][44][47][48][48][47][46][36][48][28]
15
[1][1][5][5][5][6][9][10][10][11][17][17][19][20][23][23][24][24][25][25][26][26][27][27][28][28][29][29][30][30][32][33][35][36][36][42][43][43][44][46][46][46][47][47][48][48][48]
[48][48][48][47][47][46][46][46][44][43][43][42][36][36][35][33][32][30][30][29][29][28][28][27][27][26][26][25][25][24][24][23][23][20][19][17][17][11][10][10][9][6][5][5][5][1][1][1][5][1][5][6][9][10][17][11][10][20][23][19][23][24][25][25][26][24][27][28][27][26][17][5][29][30][33][32][30][35][36][29][43][43][42][46][46][44][47][48][48][47][46][36][48][28]
[1][1][5][5][5][6][9][10][10][11][17][17][19][20][23][23][24][24][25][25][26][26][27][27][28][28][29][29][30][30][32][33][35][36][36][42][43][43][44][46][46][46][47][47][48][48][48]
9
[48][48][48][47][47][46][46][46][44][43][43][42][36][36][35][33][32][30][30][29][29][28][28][27][27][26][26][25][25][24][24][23][23][20][19][17][17][11][10][10][9][7][6][5][5][5][1][1][1][1][5][5][5][6][7][9][10][10][11][17][17][19][20][23][23][23][24][24][25][25][26][26][27][27][28][28][29][29][30][30][32][33][35][36][36][42][43][43][44][46][46][46][47][47][48][48][48]
[1][1][5][5][5][6][7][9][10][10][11][11][17][17][19][20][20][23][23][23][24][24][25][25][26][26][27][27][28][28][29][29][30][30][32][33][35][36][36][42][43][43][44][46][46][46][47][47][48][48][48]
[28][5][5][1][1][5][17][10][10][9][6][7][11][11][17][26][24][24][23][19][23][20][20][23][26][25][25][27][27][28][48][36][29][29][36][35][30][30][32][33][46][44][42][43][43][46][46][47][47][48][48]
[28][5][5][1][1][5][17][10][10][9][6][7][11][11][17][26][24][24][23][19][23][20][20][23][26][25][25][27][27][28][48][36][29][29][36][35][30][30][32][33][46][44][42][43][43][46][46][47][47][48][48]
[28][5][5][1][1][5][17][10][10][9][6][7][11][11][17][26][24][24][23][19][23][20][20][23][26][25][25][27][27][28][48][36][29][29][36][35][30][30][32][33][46][44][42][43][43][46][46][47][47][48][48]
[1][5][1][5][7][6][9][10][11][17][11][10][20][23][20][23][19][23][24][25][25][26][24][27][28][27][26][17][5][29][30][33][32][30][35][36][29][43][43][42][46][46][44][47][48][48][47][46][36][48][28]
10
17
17
17
10
10
[48][48][48][47][47][46][46][46][44][43][43][42][36][36][35][33][32][30][30][29][29][28][28][27][27][26][26][25][25][24][24][23][23][23][20][20][19][17][17][11][11][10][10][9][7][6][5][5][5][1][1][1][1][5][5][5][6][7][9][10][10][11][11][17][17][19][20][20][23][23][23][24][24][25][25][26][26][27][27][28][28][29][29][30][30][32][33][35][36][36][42][43][43][44][46][46][46][47][47][48][48][48]
[48][48][48][47][47][46][46][46][44][43][43][42][36][36][35][33][32][30][30][29][29][28][28][27][27][26][26][25][25][24][24][23][23][23][20][20][19][17][17][11][11][10][10][9][7][6][5][5][5][1][1][1][5][1][5][7][6][9][10][11][17][11][10][20][23][20][23][19][23][24][25][25][26][24][27][28][27][26][17][5][29][30][33][32][30][35][36][29][43][43][42][46][46][44][47][48][48][47][46][36][48][28]
[1][5][1][5][7][6][9][10][11][17][11][10][20][23][20][23][19][23][24][25][25][26][24][27][28][27][26][17][5][29][30][33][32][30][35][36][29][43][43][42][46][46][44][47][48][48][47][46][36][48][28]
10
[50][48][48][48][47][47][46][46][46][44][43][43][42][36][36][35][33][32][30][30][29][29][28][28][27][27][26][26][25][25][24][24][23][23][23][20][20][19][17][17][11][11][10][10][9][7][6][5][5][5][1][1][1][5][1][5][7][6][9][10][11][17][11][10][20][23][20][23][19][23][24][25][25][26][24][27][28][27][26][17][5][29][30][33][32][30][35][36][29][43][43][42][46][46][44][47][48][48][47][46][36][50][48][28]
[1][5][1][5][7][6][9][10][11][17][11][10][20][23][20][23][19][23][24][25][25][26][24][27][28][27][26][17][5][29][30][33][32][30][35][36][29][43][43][42][46][46][44][47][48][48][47][46][36][50][48][28]
[28][5][5][1][5]
[50][48][48][48][47][47][46][46][46][44][43][43][42][36][36][35][33][32][30][30][29][29][28][28][27][27][26][26][25][25][24][24][23][23][23][20][20][19][17][17][11][11][10][10][9][7][6][5][5][5][1][1]10
[28][5][5][1][1][5][17][10][10][9][6][7][11][11][17][26][24][24][23][19][23][20][20][23][26][25][25][27][27][28][48][36][29][29][36][35][30][30][32][33][46][44][42][43][43][46][46][47][47][48][48][50]
18
[1][5][1][5][7][6][9][10][11][17][11][10][20][23][20][23][19][23][24][25][25][26][24][27][28][27][26][17][5][29][30][33][32][30][35][36][29][43][43][42][46][46][44][47][48][48][47][46][36][50][48][28]
[28][5][5][1][1][5][17][10][10][9][6][7][11][11][17][26][24][24][23][19][23][20][20][23][26][25][25][27][27][28][48][36][29][29][36][35][30][30][32][33][46][44][42][43][43][46][46][47][47][48][48][50]
[28][5][5][1][5]
[28][5][5][1][1][5][17][10][10][9][6][7][11][11][17][26][24][24][23][19][23][20][20][23][26][25][25][27][27][28][48][36][29][29][36][35][30][30][32][33][46][44][42][43][43][46][46][47][47][48][48][50]
18
[28][48][36][29][36][35][30]
[1][2][5][1][5][7][6][9][10][11][17][11][10][20][23][20][23][19][23][24][25][25][26][24][27][28][27][26][17][5][29][30][33][32][30][35][36][29][43][43][42][46][46][44][47][48][48][47][46][36][50][48][28]
18
[28][5][5][1][1][5][2][17][10][10][9][6][7][11][11][17][26][24][24][23][19][23][20][20][23][26][25][25][27][27][28][48][36][29][29][36][35][30][30][32][33][46][44][42][43][43][46][46][47][47][48][48][50]
[28][48][36][46][44][42]
[1][1][2][5][5][5][6][7][9][10][10][11][11][17][17][19][20][20][23][23][23][24][24][25][25][26][26][27][27][28][28][29][29][30][30][32][33][35][36][36][42][43][43][44][46][46][46][47][47][48][48][48][50]
[1][2][5][1][5][7][6][9][10][11][17][11][10][20][23][20][23][19][23][24][25][25][26][24][27][28][27][26][17][5][29][30][33][32][30][35][36][29][43][43][42][46][46][44][47][48][48][47][46][36][50][48][28]
[28]
[1][2][5][1][5][7][6][9][10][11][17][11][10][20][23][20][23][23][24][25][25][26][24][27][28][27][26][19][5][29][30][33][32][30][35][36][29][38][43][43][42][46][46][44][47][48][48][47][46][36][50][48][28]
9
[50][48][48][48][47][47][46][46][46][44][43][43][42][38][36][36][35][33][32][30][30][29][29][28][28][27][27][26][26][25][25][24][24][23][23][23][20][20][19][17][11][11][10][10][9][7][6][5][5][5][2][1][1]19
[1][2][5][1][5][7][6][9][10][11][17][11][10][20][23][20][23][23][24][25][25][26][24][27][28][27][26][19][5][29][30][33][32][30][35][36][29][38][43][43][42][46][46][44][47][48][48][47][46][36][50][48][28]
[1][2][5][1][5][7][9][10][11][17][11][10][20][23][20][23][23][24][25][25][26][24][27][28][27][26][19][5][29][30][33][32][30][35][36][29][38][43][43][42][46][46][44][47][48][48][47][46][36][50][48][28]
[50][48][48][48][47][47][46][46][46][44][43][43][42][38][36][36][35][33][32][30][30][29][29][28][28][27][27][26][26][25][25][24][24][23][23][23][20][20][19][17][11][11][10][10][9][7][5][5][5][2][1][1]9
19
[1][2][5][1][5][7][9][10][11][17][11][10][20][23][20][23][23][24][25][25][26][24][27][28][27][26][19][5][29][30][33][32][30][35][36][29][38][43][43][43][42][46][46][44][47][48][48][47][46][36][50][48][28]
[28][48][36][46][44][42]
[1][1][2][5][5][5][7][9][10][10][11][11][17][19][20][20][23][23][23][24][24][25][25][26][26][27][27][28][28][29][29][30][30][32][33][35][36][36][38][42][43][43][43][44][46][46][46][47][47][48][48][48][50]
[28][5][5][1][1][5][2][19][10][10][9][7][11][11][17][26][24][24][23][23][20][20][23][26][25][25][27][27][28][48][36][29][29][36][35][30][30][32][33][46][44][42][38][43][43][43][46][46][47][47][48][48][50]
[28][5][5][1][1][5][2][19][10][10][9][7][11][11][17][26][24][24][23][23][20][20][23][26][25][25][27][27][28][48][36][29][29][36][35][30][30][32][33][46][44][42][38][43][43][43][46][46][47][47][48][48][50]
[28][5][19][26]
19
[28][5][5][1][1][5][2][19][10][10][9][7][11][11][17][13][26][24][24][23][23][20][20][23][26][25][25][27][27][28][48][36][29][29][36][35][30][30][32][33][34][46][44][42][38][43][43][43][46][46][47][47][48][48][50]
9
[28][5][5][1][1][5][2][19][10][10][9][7][11][11][17][13][26][24][24][23][23][20][20][23][26][25][25][27][27][28][48][36][29][29][36][35][30][30][32][33][34][46][44][42][38][43][43][43][46][46][47][47][48][48][50]
[28][5][5][1][1][5][2][19][10][10][9][7][11][11][17][13][26][24][24][23][23][20][20][23][26][25][25][27][27][28][48][36][29][29][36][35][30][30][32][33][34][46][44][42][38][43][43][43][46][46][47][47][48][48][50]
[50][48][48][48][47][47][46][46][46][44][43][43][43][42][38][36][36][35][34][33][32][30][30][29][29][28][28][27][27][26][26][25][25][24][24][23][23][23][20][20][19][17][13][11][11][10][10][9][7][5][5][5][2][1][1][50][48][48][48][47][47][46][46][46][44][43][43][43][38][36][36][35][34][33][32][30][30][29][29][28][28][27][27][26][26][25][25][24][24][23][23][23][20][20][19][17][13][11][11][10][10][9][7][5][5][5][2][1][1]19
[28][5][5][1][1][5][2][19][10][10][9][7][11][11][17][13][26][24][24][23][23][20][20][23][26][25][25][27][27][28][48][36][29][29][36][35][30][30][32][33][34][46][44][43][38][43][43][46][46][47][47][48][48][50]
[28][5][5][1][1][5][2][19][10][10][9][7][11][11][17][13][26][24][24][23][23][20][20][23][26][25][25][27][27][28][48][36][29][29][36][35][30][30][32][33][34][46][44][43][38][43][43][46][46][47][47][48][48][50]
[28][7][5]
9
[50][48][48][48][47][47][46][46][46][44][43][43][43][38][36][36][35][34][33][32][30][30][29][29][28][28][27][27][26][26][25][25][24][24][23][23][23][20][20][19][17][13][11][11][10][10][9][8][7][5][5][2][1][1][28][7][19][10][11][17]
[28][48][36][29][36][35][30][32][33]
[28][7][5][1][1][5][2][19][10][10][9][8][13][11][17][13][26][24][24][23][23][20][20][23][26][25][25][27][27][28][48][36][29][29][36][35][30][30][32][33][34][46][44][43][38][43][43][46][46][47][47][48][48][50][50]
19
19
9
[50][50][49][48][48][47][47][46][46][46][44][43][43][43][38][36][36][35][34][33][32][30][30][29][29][29][28][28][27][27][26][26][25][25][24][24][23][23][23][20][20][19][17][14][13][13][11][10][10][10][9][8][7][5][5][2][1][1][1][2][5][1][5][8][10][9][10][11][14][13][17][13][10][20][23][20][23][23][24][25][25][26][24][27][28][27][26][19][7][29][29][30][34][33][32][30][35][36][29][38][43][43][43][46][46][44][47][48][48][47][46][36][50][50][49][28]
9
[28][7][20][26]
[1][1][2][5][5][7][8][9][10][10][10][11][13][13][14][17][20][20][23][23][23][24][24][25][25][26][26][27][27][28][28][29][29][29][30][30][32][33][34][35][36][36][38][43][43][43][44][46][46][46][47][47][48][48][49][50][50]
19
[1][1][2][5][5][7][8][9][10][10][10][11][13][13][14][17][20][20][23][23][23][24][24][25][25][26][26][27][27][28][28][29][29][29][30][30][32][33][34][35][36][36][38][43][43][43][44][46][46][46][47][47][48][48][49][50][50]
19
19
[28][7][5]
[28][7][5][1][5]
19
19
[50][50][49][48][48][47][47][46][46][46][44][43][43][43][38][36][36][35][34][33][32][30][30][29][29][29][28][28][27][27][26][26][25][25][24][24][23][23][23][20][20][17][14][13][13][11][10][10][10][9][8][7][5][5][2][1][1]19
19
[1][2][2][5][1][5][8][10][9][10][11][17][13][10][23][23][23][24][25][25][26][24][27][27][28][27][26][20][7][29][29][30][34][33][32][30][35][36][29][38][43][43][43][46][46][44][47][48][48][47][46][36][50][49][28]
[28][49][36][46][44][43][38]
[28][7][5][1][1][5][2][2][20][10][10][9][8][10][13][11][17][26][24][24][23][23][23][26][25][25][27][27][27][28][49][36][29][29][29][36][35][30][30][32][33][34][46][44][43][38][43][43][46][46][47][47][48][48][50]
[28][7][5][1][1][5][2][2][20][10][10][9][8][10][13][11][17][26][24][24][23][23][23][26][25][25][27][27][27][28][49][36][29][29][29][36][35][30][30][32][33][34][46][44][43][38][43][43][46][46][47][47][48][48][50]
19
[50][49][48][48][47][47][46][46][46][44][43][43][43][38][36][36][35][34][33][32][30][30][29][29][29][28][28][27][27][27][26][26][25][25][24][24][23][23][23][20][17][13][11][10][10][10][9][8][7][5][5][2][2][1][1][28][7][5][1][1][5][2][2][20][10][10][9][8][10][13][11][17][26][24][24][23][23][23][26][25][25][27][27][27][28][49][36][29][29][29][36][35][30][30][32][33][34][46][44][43][38][43][43][46][46][47][47][48][48][50]
9
[28][7][20][10]
19
[28][7][5][1][1][5][2][2][20][10][10][10][8][13][11][17][26][24][24][23][23][26][25][25][27][27][27][28][49][36][29][29][29][36][35][30][30][32][33][34][46][44][43][38][43][43][46][46][47][47][48][48][50]
[1][2][2][5][1][5][8][10][10][11][17][13][10][23][23][24][25][25][26][24][27][27][28][27][26][20][7][29][29][30][34][33][32][30][35][36][29][38][43][43][43][46][46][44][47][48][48][47][46][36][50][49][28]
[28][7][5][1][1][5][2][2][20][10][10][10][8][13][11][17][26][24][24][23][23][26][25][25][27][27][27][28][49][36][29][29][29][36][35][30][30][32][33][34][46][44][43][38][43][43][46][46][47][47][48][48][50]
[1][2][2][5][1][5][8][10][10][11][17][13][10][23][23][24][25][25][26][24][27][27][28][27][26][20][7][29][29][30][34][33][32][30][35][36][29][38][43][43][43][46][46][44][47][48][48][47][46][36][50][49][28]
[28][7][20][26][24][26]
[50][49][48][48][47][47][46][46][46][44][43][43][43][38][36][36][35][34][33][32][30][30][29][29][29][28][28][27][27][27][26][26][25][25][24][24][23][23][20][17][13][11][10][10][10][8][7][5][5][2][2][1][1][50][49][48][48][47][47][46][46][46][44][43][43][43][38][36][36][35][34][33][32][30][30][29][29][29][28][28][27][27][27][26][26][25][25][24][24][23][23][20][17][13][11][10][10][10][9][8][7][5][5][2][2][1][1]18
[28][49][36][46]
[29][7][5][1][1][5][2][2][20][10][10][10][8][9][10][13][11][17][26][24][24][23][23][26][25][25][27][27][27][28][49][36][30][29][29][36][35][32][30][33][34][46][44][43][38][43][43][44][46][46][45][47][47][48][48][50]
[1][2][2][5][1][5][10][9][8][10][10][11][17][13][10][23][23][24][25][25][26][24][27][27][28][27][26][20][7][29][29][30][34][33][32][35][36][30][38][43][44][43][43][45][46][46][44][47][48][48][47][46][36][50][49][29]
[29][7][5][1][1][5][2][2][20][10][10][10][8][9][10][13][11][17][26][24][24][23][23][26][25][25][27][27][27][28][49][36][30][29][29][36][35][32][30][33][34][46][44][43][38][43][43][44][46][46][45][47][47][48][48][50]
[50][49][48][48][47][47][46][46][46][45][44][44][43][43][43][38][36][36][35][34][33][32][30][30][29][29][29][28][27][27][27][26][26][25][25][24][24][23][23][20][17][13][11][10][10][10][10][9][8][7][5][5][2][2][1][1][1][1][2][2][5][5][7][8][9][10][10][10][10][11][13][17][20][23][23][24][24][25][25][26][26][27][27][27][28][29][29][29][30][30][32][33][34][35][36][36][38][43][43][43][44][44][45][46][46][46][47][47][48][48][49][50]
[1][2][2][5][1][5][10][9][8][10][10][11][17][13][10][23][23][24][25][25][26][24][27][27][28][27][26][20][7][29][29][30][34][33][32][35][36][30][38][43][44][43][43][45][46][46][44][47][48][48][47][46][36][50][49][29]
8
8
[29][7][20][10][13][17]
[29][7][5][1][1][5][2][2][20][10][10][10][8][9][10][13][11][12][17][26][24][24][23][23][26][25][25][27][27][27][28][49][36][30][29][29][36][35][32][30][33][34][46][44][43][38][43][43][44][46][46][45][47][47][48][48][50]
[29][7][5][1][5]
8
[1][1][2][2][5][5][7][8][9][10][10][10][10][11][12][13][17][20][23][23][24][24][25][25][26][26][27][27][27][28][29][29][29][30][30][32][33][34][35][36][36][38][43][43][43][44][44][45][46][46][46][47][47][48][48][49][50]
[50][49][48][48][47][47][46][46][46][45][44][44][43][43][43][38][36][36][35][34][33][32][30][30][29][29][29][28][27][27][27][26][26][25][25][24][24][23][23][20][17][13][12][11][10][10][10][10][9][8][7][5][5][2][2][1][1]8
[29][7][5][1][1][5][2][2][20][10][10][10][8][9][10][13][11][12][17][26][24][24][23][23][26][25][25][27][27][27][28][49][36][30][29][29][36][35][32][30][33][34][46][44][43][38][43][43][44][46][46][45][47][47][48][48][50]
[1][2][2][5][1][5][10][9][8][10][10][12][11][17][13][10][23][23][24][25][25][26][24][27][27][28][27][26][20][7][29][29][30][34][33][32][35][36][30][38][43][44][43][43][45][46][46][44][47][48][48][47][46][36][50][49][29]
[29][7][5][1][1][5][2][2][20][10][10][10][8][9][10][13][11][12][17][26][24][24][23][23][26][25][25][27][27][27][28][49][36][30][29][29][36][35][32][30][33][34][46][44][43][38][43][43][44][46][46][45][47][47][48][48][50]
[1][2][2][5][1][5][10][9][8][10][10][12][11][17][13][10][23][23][24][25][25][26][24][27][27][28][27][26][20][7][29][29][30][34][33][32][35][36][30][38][43][44][43][43][45][46][46][44][47][48][47][46][36][50][49][29]
[1][2][2][5][1][5][10][9][8][10][10][12][11][17][13][10][23][23][24][25][25][26][24][27][27][28][27][26][20][7][29][29][30][34][33][32][35][36][30][38][43][44][43][43][45][46][46][44][47][48][47][46][36][50][49][29]
[50][49][48][47][47][46][46][46][45][44][44][43][43][43][38][36][36][35][34][33][32][30][30][29][29][29][28][27][27][27][26][26][25][25][24][24][23][23][20][17][13][12][11][10][10][10][10][9][8][7][5][5][2][2][1][1][1][2][2][5][1][5][10][9][8][10][10][12][11][17][13][10][23][23][24][25][25][26][24][27][27][28][27][26][20][7][29][29][30][34][33][32][35][36][30][38][43][44][43][43][45][46][46][44][47][48][47][46][36][50][49][29]
[50][49][48][47][47][46][46][46][45][44][44][43][43][43][38][36][36][35][34][33][32][30][30][29][29][29][28][27][27][27][26][26][25][25][24][24][23][23][20][17][13][12][11][10][10][10][10][9][8][7][5][5][2][2][1][1]19
[50][49][48][47][47][46][46][46][45][44][44][43][43][43][38][36][36][35][34][33][32][30][30][29][29][29][28][27][27][27][26][26][25][25][24][24][23][23][20][17][13][12][11][10][10][10][10][9][8][7][5][5][2][2][1][1][1][1][2][2][5][5][7][8][9][10][10][10][10][11][12][13][17][20][23][23][24][24][25][25][26][26][27][27][27][28][29][29][29][30][30][32][33][34][35][36][36][38][43][43][43][44][44][45][46][46][46][47][47][48][49][50]
[1][1][2][2][5][5][7][8][9][10][10][10][10][11][12][13][17][20][23][23][24][24][25][25][26][26][27][27][27][28][29][29][29][30][30][32][33][34][35][36][36][38][43][43][43][44][44][45][46][46][46][47][47][48][49][50]
[50][49][48][47][47][46][46][46][45][44][44][43][43][43][38][36][36][35][34][33][32][30][30][29][29][29][28][27][27][27][26][26][25][25][24][24][23][23][20][17][13][12][11][10][10][10][10][9][8][7][5][5][2][2][1][1][50][49][48][47][47][46][46][46][45][44][44][43][43][43][38][36][36][35][34][33][32][30][30][29][29][29][28][27][27][27][26][26][25][25][24][24][23][23][20][17][13][12][11][10][10][10][10][9][8][7][5][5][2][2][1][1][29][7][5][1][1][5][2][2][20][10][10][10][8][9][10][13][11][12][17][26][24][24][23][23][26][25][25][27][27][27][28][49][36][30][29][29][36][35][32][30][33][34][46][44][43][38][43][43][44][46][46][45][47][47][48][50]
[1][1][2][2][5][5][7][8][9][10][10][10][10][11][12][13][17][20][23][23][24][24][25][25][26][26][27][27][27][28][29][29][29][30][30][32][33][34][35][36][36][38][43][43][43][44][44][45][46][46][46][47][47][48][49][50]
8
19
[29][49][36][46][44]
19
[1][1][2][2][5][5][7][8][9][10][10][10][10][11][12][13][17][20][23][23][24][24][25][25][26][26][27][27][27][28][29][29][29][30][30][32][33][34][35][36][36][38][43][43][43][44][44][45][46][46][46][47][47][48][49][50]
[50][49][48][47][47][46][46][46][45][44][44][43][43][43][38][36][36][35][34][33][32][30][30][29][29][29][28][27][27][27][26][26][25][25][24][24][23][23][22][20][17][12][11][10][10][10][10][9][8][7][5][5][2][2][1][1][1][2][2][5][1][5][10][9][8][10][10][12][11][17][10][22][23][23][24][25][25][26][24][27][27][28][27][26][20][7][29][29][30][34][33][32][35][36][30][38][43][44][43][43][45][46][46][44][47][48][47][46][36][50][49][29]
[29][7][5][1][1][5][2][2][20][10][10][10][8][9][10][17][11][12][26][24][24][23][23][22][26][25][25][27][27][27][28][49][36][30][29][29][36][35][32][30][33][34][46][44][43][38][43][43][44][46][46][45][47][47][48][50]
[1][2][2][5][1][5][10][9][8][10][10][12][11][17][10][22][23][23][24][25][25][26][24][27][27][28][27][26][20][7][29][29][30][34][33][32][35][36][30][38][43][44][43][43][45][46][46][44][47][48][47][46][36][50][49][29]
[29]
[1][1][2][2][5][5][7][8][9][10][10][10][10][11][12][17][20][22][23][23][24][24][25][25][26][26][27][27][27][28][29][29][29][30][30][32][33][34][35][36][36][38][43][43][43][44][44][45][46][46][46][47][48][49][50]
[29][7][5][1][1][5][2][2][20][10][10][10][8][9][10][17][11][12][26][24][24][23][23][22][26][25][25][27][27][27][28][49][36][30][29][29][36][35][32][30][32][33][34][46][44][43][38][43][43][44][46][46][45][48][47][50]
[1][2][2][5][1][5][10][9][8][10][10][12][11][17][10][22][23][23][24][25][25][26][24][27][27][28][27][26][20][7][29][29][32][30][34][33][32][35][36][30][38][43][44][43][43][45][46][46][44][47][48][46][36][50][49][29]
[1][1][2][2][5][5][7][8][9][10][10][10][10][11][12][17][20][22][23][23][24][24][25][25][26][26][27][27][27][28][29][29][29][30][30][32][32][33][34][35][36][36][38][43][43][43][44][44][45][46][46][46][47][48][49][50]
[29][7][5][1][1][5][2][2][20][10][10][10][8][9][10][17][11][12][26][24][24][23][23][22][26][25][25][27][27][27][28][49][36][30][29][29][36][35][32][30][32][33][34][46][44][43][38][43][43][44][46][46][45][48][47][50]
[1][1][2][2][5][5][7][8][9][10][10][10][10][11][12][17][20][22][23][23][24][24][25][25][26][26][27][27][27][28][29][29][29][30][30][32][32][33][34][35][36][36][38][43][43][43][44][44][45][46][46][46][47][48][49][50]
8
[29][7][5][1][1][5][2][2][3][20][10][10][10][8][9][10][17][11][12][26][24][24][23][23][22][26][25][25][27][27][27][28][49][36][30][29][29][36][35][32][30][32][33][34][46][44][43][38][40][43][43][44][46][46][45][48][47][50]
[50][49][48][47][46][46][46][45][44][44][43][43][43][40][38][36][36][35][34][33][32][32][30][30][29][29][29][28][27][27][27][26][26][25][25][24][24][23][23][22][20][17][12][11][10][10][10][10][9][8][7][5][5][3][2][2][1][1][50][49][48][47][46][46][46][45][44][44][43][43][43][40][38][36][36][35][34][33][32][32][30][30][29][29][29][28][27][27][27][26][26][25][25][24][24][23][23][22][20][17][12][11][10][10][10][10][9][8][7][5][5][3][2][2][1][1]18
[1][1][2][2][3][5][5][7][8][9][10][10][10][10][11][12][17][20][22][23][23][24][24][25][25][26][26][27][27][27][28][29][29][29][30][30][32][32][33][34][35][36][36][38][40][43][43][43][44][44][45][46][46][46][47][48][49][50]
[1][1][2][2][3][5][5][7][8][9][10][10][10][10][11][12][17][20][22][23][23][24][24][25][25][26][26][27][27][27][28][29][29][29][30][30][32][32][33][34][35][36][36][38][40][43][43][43][44][44][45][46][46][46][47][48][49][50]
[1][2][3][2][5][1][5][10][9][8][10][10][12][11][17][10][22][23][23][24][25][25][26][24][27][27][28][27][26][20][7][29][29][32][30][34][33][32][35][36][30][40][38][43][44][43][43][45][46][46][44][47][48][46][36][50][49][29]
8
18
[1][1][2][2][3][5][5][7][8][9][10][10][10][10][11][12][17][20][22][23][23][24][24][25][25][26][26][27][27][27][28][29][29][29][30][30][32][32][33][34][35][36][36][38][40][43][43][43][44][44][45][46][46][46][47][48][49][50]
[29]
[29][7][20][10][17]
[29][7][5][1][1][5][2][2][2][3][20][10][10][10][8][9][10][17][11][12][27][24][24][23][23][22][26][25][25][28][27][27][49][36][30][29][29][36][35][32][30][32][33][33][34][46][44][43][38][40][43][43][44][46][46][45][48][47][50]
8
[50][49][48][46][46][46][45][44][44][43][43][43][38][36][36][35][34][33][33][32][32][30][30][29][29][29][28][27][27][27][26][25][25][24][24][23][23][22][20][17][12][11][10][10][10][10][9][8][7][5][5][3][2][2][2][1][1]8
[50][49][48][46][46][46][45][44][44][43][43][43][38][36][36][35][34][33][33][32][32][30][30][29][29][29][28][27][27][27][26][25][25][24][24][23][23][22][20][17][12][11][10][10][10][10][9][8][7][5][5][3][2][2][2][1][1][1][1][2][2][2][3][5][5][7][8][9][10][10][10][10][11][12][17][20][22][23][23][24][24][25][25][26][27][27][27][28][29][29][29][30][30][31][32][32][33][33][34][35][36][36][38][43][43][43][44][44][45][46][46][46][48][49][50]
[29][7][5][1][1][5][2][2][2][3][20][10][10][10][8][9][10][17][11][12][27][24][24][23][23][22][26][25][25][28][27][27][49][36][30][29][29][36][35][32][30][32][31][33][33][34][46][44][43][38][43][43][44][46][46][45][48][50]
[29][7][5][1][5][2][3]
[29][49][36][46][44][43][38]
9
18
[1][1][2][2][2][3][5][5][7][8][9][10][10][10][10][12][17][20][22][23][23][24][24][25][25][26][27][27][27][28][29][29][29][30][30][31][32][32][33][33][34][35][36][36][38][43][43][43][44][44][45][46][46][46][48][49][50]
[1][1][2][2][2][3][5][5][7][8][10][10][10][10][12][17][20][22][23][23][24][24][25][25][26][27][27][27][28][29][29][29][30][30][31][32][32][33][33][34][35][36][36][38][43][43][43][44][44][45][46][46][46][48][49][50]
9
[1][2][2][3][2][5][1][5][10][8][10][10][12][17][10][22][23][23][24][25][25][26][24][27][27][28][27][20][7][29][29][31][32][30][33][34][33][32][35][36][30][38][43][44][43][43][45][46][46][44][48][46][36][49][29]
17
9
[1][1][2][2][2][3][5][5][7][8][10][10][10][10][12][17][20][22][23][24][24][25][25][26][27][27][27][28][29][29][29][30][30][31][32][32][33][33][34][35][36][36][38][43][43][43][44][44][45][46][46][46][47][48][49]
[1][1][2][2][2][3][5][5][7][8][10][10][10][10][12][17][20][22][23][24][24][25][25][26][27][27][27][28][29][29][29][30][30][31][32][32][33][33][34][35][36][36][38][43][43][43][44][44][45][46][46][46][47][48][49]
[29][7][5][1][5][2]
[29][49][36][30][36][35]
[29][7][5][1][1][5][2][2][2][3][20][10][10][10][8][10][17][12][27][24][24][23][22][26][25][25][28][27][27][49][36][30][29][29][36][35][32][30][32][31][33][33][34][46][44][43][38][43][43][44][46][46][45][48][47]
[1][1][2][2][2][3][5][5][7][8][10][10][10][10][12][17][20][22][23][24][24][25][25][26][27][27][27][28][29][29][29][30][30][31][32][32][33][33][34][35][36][36][38][43][43][43][44][44][45][46][46][46][47][48][49]
[29][7][5][1][1][5][2][2][2][3][20][10][10][10][8][10][17][12][27][24][24][23][22][23][26][25][25][28][27][27][49][36][30][29][29][36][35][32][30][32][31][33][33][34][46][44][43][38][43][43][44][46][46][45][48][47]
[1][1][2][2][2][3][5][5][7][8][10][10][10][10][12][17][20][22][23][23][24][24][25][25][26][27][27][27][28][29][29][29][30][30][31][32][32][33][33][34][35][36][36][38][43][43][43][44][44][45][46][46][46][47][48][49]
[29][7][5][1][1][5][2][2][2][3][20][10][10][10][8][10][17][12][27][24][24][23][22][23][26][25][25][28][27][49][36][30][29][29][36][35][32][30][32][31][33][33][33][34][46][44][43][38][43][43][44][46][46][45][48][47][50]
9
[1][2][2][3][2][5][1][5][10][8][10][10][12][17][10][23][22][23][24][25][25][26][24][27][28][27][20][7][29][29][31][32][30][33][33][34][33][32][35][36][30][38][43][44][43][43][45][46][46][44][47][48][46][36][50][49][29]
[29][49][36]
[29][49][36][30][36][35][32][30][32]
[29][7][20][10][17][12]
[50][49][48][47][46][46][46][45][44][44][43][43][43][38][36][36][35][34][33][33][33][32][32][31][30][30][29][29][29][28][27][27][26][25][25][24][24][23][23][22][20][17][12][10][10][10][10][8][7][5][5][3][2][2][2][1][1]9
[1][1][2][2][2][3][5][5][7][8][10][10][10][10][12][17][20][22][23][23][24][24][25][25][26][27][27][28][29][29][29][30][30][31][32][32][33][33][33][34][35][36][36][38][43][43][43][44][44][45][46][46][46][47][48][49][50]
[1][2][2][3][2][5][1][5][10][8][10][10][12][17][10][23][22][23][24][25][25][26][24][27][28][27][20][7][29][29][31][32][33][33][34][33][32][35][36][30][38][43][44][43][43][45][46][46][44][47][48][46][36][50][49][29]
[1][2][2][3][2][5][1][5][10][8][10][10][12][17][10][23][22][23][24][25][25][26][24][27][28][27][20][7][29][29][31][32][33][33][34][33][32][35][36][30][38][43][44][43][43][45][46][46][44][47][48][46][36][50][49][29]
9
9
9
[1][2][2][3][2][5][1][5][10][8][10][10][12][17][10][23][22][23][24][25][25][26][24][27][28][27][20][7][29][30][29][31][32][33][33][34][33][32][35][36][30][38][43][44][43][43][45][46][46][44][47][48][46][36][50][49][29]
[1][1][2][2][2][3][5][5][7][8][10][10][10][10][12][17][20][22][23][23][24][24][25][25][26][27][27][28][29][29][29][30][30][31][32][32][33][33][33][34][35][36][36][38][43][43][43][44][44][45][46][46][46][47][48][49][50]
19
[1][2][2][3][2][5][1][5][10][8][10][10][12][17][10][23][22][23][24][25][25][26][24][27][28][27][20][7][29][30][29][31][32][33][33][34][33][32][35][36][30][38][43][44][43][43][45][46][46][44][47][48][46][36][50][49][29]
[1][2][2][3][2][5][1][5][10][8][10][10][12][17][10][23][22][23][24][25][25][26][24][27][28][27][20][7][29][30][29][31][32][33][33][34][33][32][35][36][30][38][43][44][43][43][45][46][46][44][47][48][46][36][50][49][29]
[50][49][48][47][46][46][46][45][44][44][43][43][43][38][36][36][35][34][33][33][33][32][32][31][30][30][29][29][29][28][27][27][26][25][25][24][24][23][23][22][20][17][12][10][10][10][10][8][7][5][5][3][2][2][2][1][1]9
9
19
[50][49][48][47][46][46][46][45][44][44][43][43][43][39][38][36][36][35][34][33][33][33][32][32][31][30][30][29][29][29][28][27][27][26][25][25][24][24][23][23][22][20][17][12][10][10][10][10][8][7][5][5][3][2][2][2][1][1][29][7][5][1][1][5][2][2][2][3][20][10][10][10][8][10][17][12][27][24][24][23][22][23][26][25][25][28][27][49][36][30][29][29][30][36][35][32][32][31][33][33][33][34][46][45][43][38][39][43][43][44][46][46][48][47][50]
[1][2][2][3][2][5][1][5][10][8][10][10][12][17][10][23][22][23][24][25][25][26][24][27][28][27][20][7][29][30][29][31][32][33][33][34][33][32][35][36][30][39][38][43][44][43][43][46][46][45][47][48][46][36][50][49][29]
[1][2][2][3][2][5][1][5][10][8][10][10][12][17][10][23][22][23][24][25][25][26][24][27][28][27][20][7][29][30][29][31][32][33][33][34][33][32][35][36][30][39][38][43][44][43][43][46][46][45][47][48][46][36][50][49][29]
[29]
19
[50][49][48][47][46][46][46][45][44][43][43][43][39][38][36][36][35][34][33][33][33][32][32][31][30][30][29][29][29][28][27][27][26][25][25][24][24][23][23][22][20][17][12][10][10][10][10][8][7][5][5][3][2][2][2][1][1][1][2][2][3][2][5][1][5][10][8][10][10][12][17][10][23][22][23][24][25][25][26][24][27][28][27][20][7][29][30][29][31][32][33][33][34][33][32][35][36][30][39][38][43][44][43][43][46][46][45][47][48][46][36][50][49][29]
9
[1][1][2][2][2][3][5][5][7][8][10][10][10][10][12][17][20][22][23][23][24][24][25][25][26][27][27][28][29][29][29][30][30][31][32][32][33][33][33][34][35][36][36][38][39][43][43][43][44][45][46][46][46][47][48][49][50]
[50][49][48][47][46][46][46][45][44][43][43][43][39][38][36][36][35][34][33][33][33][32][32][31][30][30][29][29][29][28][27][27][26][25][25][24][24][23][23][22][20][17][12][10][10][10][10][8][7][5][5][3][2][2][2][1][1][29][7][20][27]
[1][1][2][2][2][3][5][5][7][8][10][10][10][10][12][17][20][22][23][23][24][24][25][25][26][27][27][28][29][29][29][30][30][31][32][32][33][33][33][34][35][36][36][38][39][43][43][43][44][45][46][46][46][47][47][48][49][50]
[1][1][2][2][2][3][5][5][7][8][10][10][10][10][12][17][20][22][23][23][24][24][25][25][26][27][27][28][29][29][29][30][30][31][32][32][33][33][33][34][35][36][36][38][39][43][43][43][44][45][46][46][46][47][47][48][49][50]
9
[1][1][2][2][2][3][5][5][7][8][10][10][10][10][12][17][20][22][23][23][24][24][25][25][26][27][27][28][29][29][29][30][30][31][32][32][33][33][33][34][35][36][36][38][39][43][43][43][44][45][46][46][46][47][47][48][49][50]
[1][1][2][2][2][3][5][5][7][8][10][10][10][10][12][17][20][22][23][23][24][24][25][25][26][27][27][28][29][29][29][30][30][31][32][32][33][33][33][34][35][36][36][38][39][43][43][43][44][45][46][46][46][47][47][48][49][50]
[1][1][2][2][2][3][5][5][7][8][10][10][10][10][12][17][20][22][23][23][24][24][25][25][26][27][27][28][29][29][29][30][30][31][32][32][33][33][33][34][35][36][36][38][39][43][43][43][44][45][46][46][46][47][47][48][49][50]
